TN:
SF:src\repository\mockCatalog.repository.ts
FN:5,create
FN:13,update
FN:16,delete
FN:19,find
FN:22,findOne
FNF:5
FNH:2
FNDA:1,create
FNDA:1,update
FNDA:0,delete
FNDA:0,find
FNDA:0,findOne
DA:1,1
DA:2,1
DA:3,1
DA:4,1
DA:5,1
DA:6,1
DA:7,1
DA:8,1
DA:9,1
DA:10,1
DA:11,1
DA:12,1
DA:13,1
DA:14,1
DA:15,1
DA:16,1
DA:17,0
DA:18,0
DA:19,1
DA:20,0
DA:21,0
DA:22,1
DA:23,0
DA:24,0
DA:25,1
DA:26,1
LF:26
LH:20
BRDA:5,0,0,1
BRDA:13,1,0,1
BRF:2
BRH:2
end_of_record
TN:
SF:src\service\catalog.service.ts
FN:7,CatalogService
FN:12,createProduct
FN:20,updateProduct
FN:27,fetchProducts
FN:32,fetchProduct
FN:37,deleteProduct
FNF:6
FNH:6
FNDA:11,CatalogService
FNDA:3,createProduct
FNDA:2,updateProduct
FNDA:2,fetchProducts
FNDA:2,fetchProduct
FNDA:2,deleteProduct
DA:1,1
DA:2,1
DA:3,1
DA:4,1
DA:5,1
DA:6,1
DA:7,1
DA:8,11
DA:9,11
DA:10,1
DA:11,1
DA:12,1
DA:13,3
DA:14,3
DA:15,1
DA:16,1
DA:17,1
DA:18,1
DA:19,1
DA:20,1
DA:21,2
DA:22,1
DA:23,1
DA:24,1
DA:25,1
DA:26,1
DA:27,1
DA:28,2
DA:29,1
DA:30,1
DA:31,1
DA:32,1
DA:33,2
DA:34,1
DA:35,1
DA:36,1
DA:37,1
DA:38,2
DA:39,2
DA:40,0
DA:41,0
DA:42,1
DA:43,1
DA:44,1
DA:45,1
LF:45
LH:43
BRDA:7,0,0,11
BRDA:12,1,0,3
BRDA:14,2,0,2
BRDA:14,3,0,1
BRDA:20,4,0,2
BRDA:22,5,0,1
BRDA:27,6,0,2
BRDA:29,7,0,1
BRDA:32,8,0,2
BRDA:34,9,0,1
BRDA:37,10,0,2
BRDA:39,11,0,1
BRDA:39,12,0,0
BRDA:42,13,0,1
BRF:14
BRH:13
end_of_record
